timestamp: 2016-08-01T13:56:30.629011
CREATE TABLE auth_user(
    id INTEGER PRIMARY KEY AUTOINCREMENT,
    first_name CHAR(128),
    last_name CHAR(128),
    email CHAR(512),
    password CHAR(512),
    registration_key CHAR(512),
    reset_password_key CHAR(512),
    registration_id CHAR(512)
);
success!
timestamp: 2016-08-01T13:56:30.759283
CREATE TABLE auth_group(
    id INTEGER PRIMARY KEY AUTOINCREMENT,
    role CHAR(512),
    description TEXT
);
success!
timestamp: 2016-08-01T13:56:30.837226
CREATE TABLE auth_membership(
    id INTEGER PRIMARY KEY AUTOINCREMENT,
    user_id INTEGER REFERENCES auth_user (id) ON DELETE CASCADE  ,
    group_id INTEGER REFERENCES auth_group (id) ON DELETE CASCADE  
);
success!
timestamp: 2016-08-01T13:56:30.926772
CREATE TABLE auth_permission(
    id INTEGER PRIMARY KEY AUTOINCREMENT,
    group_id INTEGER REFERENCES auth_group (id) ON DELETE CASCADE  ,
    name CHAR(512),
    table_name CHAR(512),
    record_id INTEGER
);
success!
timestamp: 2016-08-01T13:56:31.016505
CREATE TABLE auth_event(
    id INTEGER PRIMARY KEY AUTOINCREMENT,
    time_stamp TIMESTAMP,
    client_ip CHAR(512),
    user_id INTEGER REFERENCES auth_user (id) ON DELETE CASCADE  ,
    origin CHAR(512),
    description TEXT
);
success!
timestamp: 2016-08-01T13:56:31.116653
CREATE TABLE auth_cas(
    id INTEGER PRIMARY KEY AUTOINCREMENT,
    user_id INTEGER REFERENCES auth_user (id) ON DELETE CASCADE  ,
    created_on TIMESTAMP,
    service CHAR(512),
    ticket CHAR(512),
    renew CHAR(1)
);
success!
timestamp: 2016-08-01T15:38:46.266242
CREATE TABLE aluno(
    id INTEGER PRIMARY KEY AUTOINCREMENT,
    nome CHAR(512),
    matricula INTEGER,
    curso CHAR(512),
    periodo INTEGER,
    email CHAR(512),
    documento CHAR(512)
);
success!
timestamp: 2016-08-01T15:38:46.362604
CREATE TABLE empresa(
    id INTEGER PRIMARY KEY AUTOINCREMENT,
    nome CHAR(512),
    razao CHAR(512),
    cnpj INTEGER,
    telefone INTEGER,
    email CHAR(512)
);
success!
timestamp: 2016-08-01T15:41:33.701766
CREATE TABLE estagio(
    id INTEGER PRIMARY KEY AUTOINCREMENT,
    empresa INTEGER REFERENCES empresa (id) ON DELETE CASCADE  ,
    aluno INTEGER REFERENCES aluno (id) ON DELETE CASCADE  ,
    data_inicio TIMESTAMP,
    es_situacao CHAR(512)
);
success!
timestamp: 2016-08-01T15:44:52.458061
ALTER TABLE estagio ADD data_prevista TIMESTAMP;
success!
success!
success!
timestamp: 2016-08-01T15:45:39.135826
ALTER TABLE estagio ADD data_fim DATE;
success!
success!
success!
success!
success!
success!
timestamp: 2016-08-03T07:58:09.948104
ALTER TABLE aluno ADD telefone DOUBLE;
success!
